test/s0521_longest_uncommon_subsequence_i/starchat/build/Solution.java:19: error: -> expected
//@ ensures((a.equals("aaa")) ==> (() && ()));
                                     ^
test/s0521_longest_uncommon_subsequence_i/starchat/build/Solution.java:19: error: illegal start of expression
//@ ensures((a.equals("aaa")) ==> (() && ()));
                                      ^
test/s0521_longest_uncommon_subsequence_i/starchat/build/Solution.java:19: error: ')' expected
//@ ensures((a.equals("aaa")) ==> (() && ()));
                                        ^
test/s0521_longest_uncommon_subsequence_i/starchat/build/Solution.java:19: error: Incorrectly formed or terminated ensures statement near here
//@ ensures((a.equals("aaa")) ==> (() && ()));
                                         ^
test/s0521_longest_uncommon_subsequence_i/starchat/build/Solution.java:20: error: -> expected
//@ ensures((a.equals("aaa")) ==> (() && ()));
                                     ^
test/s0521_longest_uncommon_subsequence_i/starchat/build/Solution.java:20: error: illegal start of expression
//@ ensures((a.equals("aaa")) ==> (() && ()));
                                      ^
test/s0521_longest_uncommon_subsequence_i/starchat/build/Solution.java:20: error: ')' expected
//@ ensures((a.equals("aaa")) ==> (() && ()));
                                        ^
test/s0521_longest_uncommon_subsequence_i/starchat/build/Solution.java:20: error: Incorrectly formed or terminated ensures statement near here
//@ ensures((a.equals("aaa")) ==> (() && ()));
                                         ^
8 errors
